0 info it worked if it ends with ok
1 verbose cli [ 'C:\\Program Files\\nodejs\\node.exe',
1 verbose cli   'C:\\Program Files\\nodejs\\node_modules\\npm\\bin\\npm-cli.js',
1 verbose cli   'run',
1 verbose cli   'start' ]
2 info using npm@3.10.9
3 info using node@v6.9.2
4 verbose run-script [ 'prestart', 'start', 'poststart' ]
5 info lifecycle jgd@0.0.1~prestart: jgd@0.0.1
6 silly lifecycle jgd@0.0.1~prestart: no script for prestart, continuing
7 info lifecycle jgd@0.0.1~start: jgd@0.0.1
8 verbose lifecycle jgd@0.0.1~start: unsafe-perm in lifecycle true
9 verbose lifecycle jgd@0.0.1~start: PATH: C:\Users\huanghui\AppData\Roaming\nvm\v6.9.2\node_modules\npm\bin\node-gyp-bin;E:\work\jgd-react\node_modules\.bin;C:\ProgramData\Oracle\Java\javapath;C:\Windows\system32;C:\Windows;C:\Windows\System32\Wbem;C:\Windows\System32\WindowsPowerShell\v1.0\;C:\ProgramData\chocolatey\bin;C:\Program Files\TortoiseSVN\bin;C:\Program Files\Java\jdk1.8.0_111\bin;C:\Program Files\Java\jdk1.8.0_111\jre\bin;C:\Users\huanghui\AppData\Local\Android\sdk\tools;C:\Users\huanghui\AppData\Local\Android\sdk\platform-tools;C:\Users\huanghui\AppData\Roaming\nvm;C:\Program Files\nodejs;C:\Python27;C:\Python27\Scripts;C:\Program Files\TortoiseGit\bin;C:\Program Files\Git\cmd;C:\Ruby23-x64\bin;C:\Users\huanghui\AppData\Local\Microsoft\WindowsApps;C:\Users\huanghui\AppData\Roaming\nvm;C:\Program Files\nodejs;C:\Program Files (x86)\Microsoft VS Code\bin
10 verbose lifecycle jgd@0.0.1~start: CWD: E:\work\jgd-react
11 silly lifecycle jgd@0.0.1~start: Args: [ '/d /s /c', 'set NODE_ENV=develop&& node server.js' ]
12 silly lifecycle jgd@0.0.1~start: Returned: code: 3221225786  signal: null
13 info lifecycle jgd@0.0.1~start: Failed to exec start script
14 verbose stack Error: jgd@0.0.1 start: `set NODE_ENV=develop&& node server.js`
14 verbose stack Exit status 3221225786
14 verbose stack     at EventEmitter.<anonymous> (C:\Users\huanghui\AppData\Roaming\nvm\v6.9.2\node_modules\npm\lib\utils\lifecycle.js:255:16)
14 verbose stack     at emitTwo (events.js:106:13)
14 verbose stack     at EventEmitter.emit (events.js:191:7)
14 verbose stack     at ChildProcess.<anonymous> (C:\Users\huanghui\AppData\Roaming\nvm\v6.9.2\node_modules\npm\lib\utils\spawn.js:40:14)
14 verbose stack     at emitTwo (events.js:106:13)
14 verbose stack     at ChildProcess.emit (events.js:191:7)
14 verbose stack     at maybeClose (internal/child_process.js:877:16)
14 verbose stack     at Process.ChildProcess._handle.onexit (internal/child_process.js:226:5)
15 verbose pkgid jgd@0.0.1
16 verbose cwd E:\work\jgd-react
17 error Windows_NT 10.0.14393
18 error argv "C:\\Program Files\\nodejs\\node.exe" "C:\\Program Files\\nodejs\\node_modules\\npm\\bin\\npm-cli.js" "run" "start"
19 error node v6.9.2
20 error npm  v3.10.9
21 error code ELIFECYCLE
22 error jgd@0.0.1 start: `set NODE_ENV=develop&& node server.js`
22 error Exit status 3221225786
23 error Failed at the jgd@0.0.1 start script 'set NODE_ENV=develop&& node server.js'.
23 error Make sure you have the latest version of node.js and npm installed.
23 error If you do, this is most likely a problem with the jgd package,
23 error not with npm itself.
23 error Tell the author that this fails on your system:
23 error     set NODE_ENV=develop&& node server.js
23 error You can get information on how to open an issue for this project with:
23 error     npm bugs jgd
23 error Or if that isn't available, you can get their info via:
23 error     npm owner ls jgd
23 error There is likely additional logging output above.
24 verbose exit [ 1, true ]
